2018-05-04 17:01:08 [com.ideal.main.JdongMain]-[INFO] bookID:11993134	bookPrice:69.80	bookName:Python编程 从入门到实践
2018-05-04 17:01:08 [com.ideal.main.JdongMain]-[INFO] bookID:12279949	bookPrice:66.40	bookName:Python基础教程（第3版）
2018-05-04 17:01:08 [com.ideal.main.JdongMain]-[INFO] bookID:12004711	bookPrice:39.10	bookName:Python零基础入门学习-水木书荟
2018-05-04 17:01:08 [com.ideal.main.JdongMain]-[INFO] bookID:11936238	bookPrice:66.40	bookName:Python核心编程（第3版）
2018-05-04 17:01:08 [com.ideal.main.JdongMain]-[INFO] bookID:11943853	bookPrice:54.50	bookName:Python编程快速上手 让繁琐工作自动化
2018-05-04 17:01:08 [com.ideal.main.JdongMain]-[INFO] bookID:11598704	bookPrice:156.40	bookName:Python编程（第4版 套装上下册）
2018-05-04 17:01:08 [com.ideal.main.JdongMain]-[INFO] bookID:11352441	bookPrice:72.50	bookName:利用Python进行数据分析
2018-05-04 17:01:08 [com.ideal.main.JdongMain]-[INFO] bookID:12227940	bookPrice:46.60	bookName:Python 3.5从零开始学
2018-05-04 17:01:08 [com.ideal.main.JdongMain]-[INFO] bookID:11572056	bookPrice:38.70	bookName:“笨办法”学Python（第3版 附光盘1张）
2018-05-04 17:01:08 [com.ideal.main.JdongMain]-[INFO] bookID:12273412	bookPrice:48.70	bookName:数据结构 Python语言描述
2018-05-04 17:01:08 [com.ideal.main.JdongMain]-[INFO] bookID:12273591	bookPrice:96.00	bookName:Head First Python（第二版）
2018-05-04 17:01:08 [com.ideal.main.JdongMain]-[INFO] bookID:12186192	bookPrice:109.80	bookName:流畅的Python
2018-05-04 17:01:08 [com.ideal.main.JdongMain]-[INFO] bookID:12333540	bookPrice:78.20	bookName:Python 3网络爬虫开发实战
2018-05-04 17:01:08 [com.ideal.main.JdongMain]-[INFO] bookID:11848567	bookPrice:62.40	bookName:Python绝技：运用Python成为顶级黑客
2018-05-04 17:01:08 [com.ideal.main.JdongMain]-[INFO] bookID:12293703	bookPrice:86.10	bookName:Python数据科学手册
2018-05-04 17:01:08 [com.ideal.main.JdongMain]-[INFO] bookID:10599758	bookPrice:94.00	bookName:O'Reilly：Python学习手册（第4版）
2018-05-04 17:01:08 [com.ideal.main.JdongMain]-[INFO] bookID:11896415	bookPrice:41.60	bookName:教孩子学编程 Python语言版
2018-05-04 17:01:08 [com.ideal.main.JdongMain]-[INFO] bookID:11896401	bookPrice:46.60	bookName:Python网络数据采集
2018-05-04 17:01:08 [com.ideal.main.JdongMain]-[INFO] bookID:14017202143	bookPrice:60.50	bookName:Python编程 从入门到实践
2018-05-04 17:01:08 [com.ideal.main.JdongMain]-[INFO] bookID:11821937	bookPrice:54.50	bookName:Python数据分析与挖掘实战
2018-05-04 17:01:08 [com.ideal.main.JdongMain]-[INFO] bookID:12292223	bookPrice:41.60	bookName:精通Python爬虫框架Scrapy
2018-05-04 17:01:08 [com.ideal.main.JdongMain]-[INFO] bookID:11487324	bookPrice:70.30	bookName:Python自然语言处理
2018-05-04 17:01:08 [com.ideal.main.JdongMain]-[INFO] bookID:12276775	bookPrice:78.20	bookName:Python+Spark 2.0+Hadoop机器学习与大数据实战
2018-05-04 17:01:08 [com.ideal.main.JdongMain]-[INFO] bookID:12215717	bookPrice:46.60	bookName:从零开始学Python网络爬虫
2018-05-04 17:01:08 [com.ideal.main.JdongMain]-[INFO] bookID:12148832	bookPrice:38.70	bookName:算法图解
2018-05-04 17:01:08 [com.ideal.main.JdongMain]-[INFO] bookID:12333252	bookPrice:76.60	bookName:Python与量化投资：从基础到实战
2018-05-04 17:01:08 [com.ideal.main.JdongMain]-[INFO] bookID:12186435	bookPrice:70.10	bookName:Python Linux系统管理与自动化运维
2018-05-04 17:01:08 [com.ideal.main.JdongMain]-[INFO] bookID:11576833	bookPrice:54.50	bookName:父与子的编程之旅：与小卡特一起学Python
2018-05-04 17:01:08 [com.ideal.main.JdongMain]-[INFO] bookID:12125529	bookPrice:54.50	bookName:Python与机器学习实战：决策树、集成学习、支持向量机与神经网络算法详解及编程实现
2018-05-04 17:01:08 [com.ideal.main.JdongMain]-[INFO] bookID:11872653	bookPrice:44.90	bookName:Python数据分析
